{
  "RSpec": {
    "coverage": {
      "/home/alexandr/FitTracker/app/helpers/admin/users_helper.rb": {
        "lines": [
          null,
          null,
          1,
          1,
          1,
          0,
          0,
          null,
          null,
          null,
          null
        ]
      },
      "/home/alexandr/FitTracker/app/helpers/application_helper.rb": {
        "lines": [
          null,
          null,
          1,
          1,
          2,
          null,
          2,
          null,
          2,
          0,
          null,
          2,
          null,
          null,
          2,
          null,
          null,
          1,
          1,
          null,
          null,
          1,
          2,
          2,
          1,
          null,
          1,
          null,
          null,
          null
        ]
      },
      "/home/alexandr/FitTracker/app/controllers/admin/base_controller.rb": {
        "lines": [
          null,
          null,
          1,
          1,
          1,
          0,
          null,
          null,
          null
        ]
      },
      "/home/alexandr/FitTracker/app/controllers/application_controller.rb": {
        "lines": [
          null,
          null,
          1,
          1,
          1,
          1,
          1,
          1,
          1,
          1,
          1,
          null
        ]
      },
      "/home/alexandr/FitTracker/app/controllers/concerns/error_handling.rb": {
        "lines": [
          null,
          null,
          1,
          1,
          null,
          1,
          1,
          null,
          1,
          null,
          1,
          0,
          0,
          null,
          null,
          null
        ]
      },
      "/home/alexandr/FitTracker/app/controllers/concerns/authentication.rb": {
        "lines": [
          null,
          null,
          1,
          1,
          null,
          null,
          1,
          1,
          null,
          1,
          46,
          null,
          46,
          null,
          null,
          1,
          16,
          null,
          null,
          1,
          30,
          30,
          null,
          30,
          null,
          0,
          0,
          null,
          null,
          1,
          18,
          null,
          null,
          1,
          4,
          null,
          1,
          1,
          null,
          null,
          1,
          14,
          null,
          0,
          0,
          null,
          null,
          1,
          7,
          null,
          null,
          1,
          0,
          0,
          0,
          null,
          null,
          1,
          3,
          3,
          3,
          null,
          null,
          1,
          3,
          3,
          3,
          null,
          null,
          1,
          null,
          null,
          null
        ]
      },
      "/home/alexandr/FitTracker/app/controllers/concerns/count_calories.rb": {
        "lines": [
          null,
          null,
          1,
          1,
          null,
          null,
          1,
          1,
          null,
          1,
          0,
          0,
          0,
          0,
          null,
          null,
          1,
          0,
          0,
          0,
          0,
          null,
          null,
          1,
          0,
          0,
          0,
          0,
          null,
          null,
          1,
          0,
          0,
          0,
          0,
          null,
          null,
          1,
          null,
          null,
          null
        ]
      },
      "/home/alexandr/FitTracker/app/controllers/concerns/count_power_training.rb": {
        "lines": [
          null,
          null,
          1,
          1,
          null,
          1,
          1,
          null,
          1,
          70,
          70,
          null,
          null,
          1,
          5,
          5,
          null,
          null,
          1,
          5,
          5,
          5,
          4,
          null,
          1,
          null,
          null,
          null,
          1,
          5,
          5,
          5,
          4,
          null,
          1,
          null,
          null,
          null,
          1,
          5,
          5,
          5,
          4,
          null,
          1,
          null,
          null,
          null,
          1,
          0,
          0,
          0,
          0,
          0,
          0,
          0,
          0,
          null,
          null,
          null,
          null,
          null,
          null,
          null,
          1,
          0,
          0,
          0,
          0,
          0,
          0,
          0,
          0,
          null,
          null,
          null,
          null,
          null,
          null,
          1,
          0,
          0,
          0,
          0,
          0,
          0,
          0,
          0,
          0,
          null,
          null,
          null,
          null,
          null,
          null,
          null,
          1,
          null,
          null
        ]
      },
      "/home/alexandr/FitTracker/app/controllers/concerns/internationalization.rb": {
        "lines": [
          null,
          null,
          1,
          1,
          null,
          null,
          1,
          1,
          null,
          1,
          null,
          1,
          163,
          163,
          163,
          null,
          null,
          null,
          1,
          163,
          null,
          163,
          null,
          null,
          1,
          163,
          null,
          163,
          null,
          0,
          null,
          0,
          null,
          0,
          null,
          0,
          null,
          null,
          1,
          null,
          0,
          0,
          0,
          0,
          null,
          0,
          null,
          0,
          null,
          null,
          null,
          null,
          1,
          0,
          0,
          null,
          null,
          1,
          0,
          null,
          null,
          1,
          115,
          null,
          null,
          null,
          null
        ]
      },
      "/home/alexandr/FitTracker/app/controllers/concerns/count_crossfit_training.rb": {
        "lines": [
          null,
          null,
          1,
          1,
          null,
          1,
          1,
          null,
          1,
          4,
          4,
          null,
          null,
          1,
          2,
          2,
          null,
          null,
          1,
          0,
          0,
          0,
          0,
          0,
          0,
          0,
          0,
          null,
          null,
          null,
          null,
          null,
          null,
          1,
          0,
          0,
          0,
          0,
          0,
          0,
          0,
          null,
          null,
          null,
          null,
          null,
          1,
          0,
          0,
          0,
          0,
          0,
          0,
          0,
          0,
          null,
          null,
          null,
          null,
          null,
          1,
          null,
          null
        ]
      },
      "/home/alexandr/FitTracker/app/controllers/concerns/count_gain_training.rb": {
        "lines": [
          null,
          null,
          1,
          1,
          null,
          1,
          1,
          null,
          1,
          113,
          113,
          null,
          null,
          1,
          10,
          10,
          null,
          null,
          1,
          4,
          4,
          4,
          3,
          null,
          1,
          null,
          null,
          null,
          1,
          4,
          4,
          4,
          3,
          null,
          1,
          null,
          null,
          null,
          1,
          4,
          4,
          4,
          3,
          null,
          1,
          null,
          null,
          null,
          1,
          0,
          null,
          null,
          null,
          null,
          null,
          null,
          null,
          null,
          null,
          null,
          1,
          0,
          null,
          null,
          null,
          null,
          null,
          null,
          null,
          null,
          null,
          null,
          1,
          0,
          null,
          null,
          null,
          null,
          null,
          null,
          null,
          null,
          null,
          null,
          null,
          1,
          0,
          null,
          null,
          null,
          null,
          null,
          null,
          null,
          null,
          null,
          null,
          1,
          0,
          null,
          null,
          null,
          null,
          null,
          null,
          null,
          null,
          null,
          1,
          0,
          null,
          null,
          null,
          null,
          null,
          null,
          null,
          null,
          null,
          null,
          null,
          1,
          4,
          4,
          4,
          3,
          null,
          1,
          null,
          null,
          null,
          1,
          4,
          4,
          4,
          3,
          null,
          1,
          null,
          null,
          null,
          1,
          4,
          4,
          4,
          3,
          null,
          1,
          null,
          null,
          null,
          1,
          0,
          null,
          null,
          null,
          null,
          null,
          1,
          0,
          null,
          null,
          null,
          null,
          null,
          1,
          0,
          null,
          null,
          1,
          0,
          null,
          null,
          null,
          null,
          null,
          null,
          null,
          null,
          1,
          0,
          null,
          null,
          null,
          null,
          null,
          null,
          null,
          null,
          null,
          null,
          1,
          0,
          null,
          null,
          null,
          null,
          null,
          null,
          null,
          null,
          1,
          null,
          null
        ]
      },
      "/home/alexandr/FitTracker/app/controllers/concerns/authorization.rb": {
        "lines": [
          null,
          null,
          1,
          1,
          null,
          1,
          1,
          null,
          1,
          null,
          1,
          null,
          1,
          2,
          2,
          null,
          null,
          null
        ]
      },
      "/home/alexandr/FitTracker/app/controllers/admin/users_controller.rb": {
        "lines": [
          null,
          null,
          1,
          1,
          1,
          1,
          1,
          1,
          null,
          1,
          2,
          2,
          1,
          null,
          null,
          2,
          1,
          1,
          1,
          null,
          null,
          null,
          null,
          1,
          null,
          1,
          8,
          4,
          4,
          null,
          null,
          8,
          null,
          null,
          1,
          4,
          3,
          3,
          null,
          1,
          null,
          null,
          null,
          1,
          3,
          3,
          3,
          null,
          null,
          1,
          null,
          1,
          4,
          4,
          null,
          4,
          4,
          null,
          null,
          1,
          8,
          null,
          null,
          1,
          4,
          null,
          null,
          null,
          null,
          1,
          0,
          null,
          null,
          null
        ]
      },
      "/home/alexandr/FitTracker/app/controllers/crossfits_controller.rb": {
        "lines": [
          null,
          null,
          1,
          1,
          1,
          null,
          1,
          null,
          1,
          0,
          null,
          null,
          1,
          null,
          1,
          5,
          5,
          3,
          3,
          null,
          2,
          null,
          null,
          null,
          1,
          4,
          2,
          2,
          null,
          2,
          null,
          null,
          null,
          1,
          8,
          null,
          2,
          2,
          null,
          2,
          2,
          null,
          2,
          2,
          2,
          null,
          8,
          null,
          null,
          1,
          3,
          3,
          3,
          null,
          null,
          1,
          null,
          1,
          24,
          null,
          null,
          1,
          19,
          null,
          null,
          1,
          9,
          null,
          null,
          null,
          null,
          null,
          null,
          null
        ]
      },
      "/home/alexandr/FitTracker/app/controllers/gains_controller.rb": {
        "lines": [
          null,
          null,
          1,
          1,
          1,
          null,
          1,
          null,
          1,
          0,
          null,
          null,
          1,
          null,
          1,
          5,
          5,
          3,
          3,
          null,
          2,
          null,
          null,
          null,
          1,
          6,
          3,
          3,
          null,
          3,
          3,
          null,
          null,
          null,
          1,
          33,
          null,
          4,
          3,
          null,
          1,
          1,
          null,
          4,
          null,
          4,
          3,
          null,
          1,
          1,
          null,
          4,
          null,
          4,
          3,
          null,
          1,
          1,
          null,
          4,
          4,
          null,
          1,
          1,
          null,
          1,
          1,
          null,
          1,
          1,
          1,
          null,
          4,
          3,
          null,
          1,
          1,
          null,
          4,
          null,
          4,
          3,
          null,
          1,
          1,
          null,
          4,
          null,
          4,
          3,
          null,
          1,
          1,
          null,
          4,
          4,
          null,
          1,
          1,
          null,
          1,
          1,
          null,
          1,
          1,
          1,
          null,
          33,
          null,
          null,
          1,
          3,
          3,
          3,
          null,
          null,
          1,
          null,
          1,
          51,
          null,
          null,
          1,
          46,
          null,
          null,
          1,
          11,
          null,
          null,
          null,
          null,
          null,
          null,
          null,
          null,
          null,
          null,
          null,
          null,
          null,
          null
        ]
      },
      "/home/alexandr/FitTracker/app/controllers/powers_controller.rb": {
        "lines": [
          null,
          null,
          1,
          1,
          1,
          null,
          1,
          null,
          1,
          0,
          null,
          null,
          1,
          null,
          1,
          5,
          5,
          3,
          3,
          null,
          2,
          null,
          null,
          null,
          1,
          4,
          2,
          2,
          null,
          2,
          null,
          null,
          null,
          1,
          18,
          null,
          5,
          4,
          null,
          1,
          1,
          null,
          5,
          null,
          5,
          4,
          null,
          1,
          1,
          null,
          5,
          null,
          5,
          4,
          null,
          1,
          1,
          null,
          5,
          5,
          null,
          18,
          null,
          null,
          1,
          3,
          3,
          3,
          null,
          null,
          1,
          null,
          1,
          34,
          null,
          null,
          1,
          29,
          null,
          null,
          1,
          9,
          null,
          null,
          null,
          null,
          null,
          null,
          null
        ]
      },
      "/home/alexandr/FitTracker/app/controllers/sessions_controller.rb": {
        "lines": [
          null,
          null,
          1,
          1,
          1,
          null,
          1,
          null,
          1,
          6,
          6,
          3,
          null,
          3,
          3,
          null,
          null,
          null,
          1,
          3,
          3,
          3,
          null,
          null,
          1,
          null,
          1,
          3,
          3,
          3,
          3,
          null,
          null
        ]
      },
      "/home/alexandr/FitTracker/app/controllers/users_controller.rb": {
        "lines": [
          null,
          null,
          1,
          1,
          1,
          1,
          1,
          null,
          1,
          8,
          8,
          8,
          8,
          8,
          8,
          null,
          null,
          1,
          2,
          null,
          null,
          1,
          null,
          1,
          6,
          6,
          4,
          4,
          4,
          null,
          2,
          null,
          null,
          null,
          1,
          5,
          3,
          3,
          null,
          2,
          null,
          null,
          null,
          1,
          null,
          1,
          15,
          null,
          null,
          1,
          11,
          null,
          null,
          null,
          1,
          8,
          null,
          null
        ]
      },
      "/home/alexandr/FitTracker/app/jobs/user_bulk_export_job.rb": {
        "lines": [
          null,
          null,
          1,
          1,
          null,
          1,
          1,
          null,
          1,
          null,
          null,
          null
        ]
      },
      "/home/alexandr/FitTracker/app/jobs/application_job.rb": {
        "lines": [
          null,
          null,
          1,
          null,
          null,
          null,
          null,
          null,
          null
        ]
      },
      "/home/alexandr/FitTracker/app/jobs/user_bulk_import_job.rb": {
        "lines": [
          null,
          null,
          1,
          1,
          null,
          1,
          2,
          null,
          1,
          null,
          1,
          null,
          null
        ]
      },
      "/home/alexandr/FitTracker/app/mailers/admin/user_mailer.rb": {
        "lines": [
          null,
          null,
          1,
          1,
          1,
          2,
          null,
          2,
          null,
          null,
          1,
          2,
          2,
          null,
          2,
          null,
          null,
          1,
          2,
          2,
          null,
          2,
          2,
          null,
          null,
          null
        ]
      },
      "/home/alexandr/FitTracker/app/mailers/application_mailer.rb": {
        "lines": [
          null,
          null,
          1,
          1,
          1,
          null
        ]
      },
      "/home/alexandr/FitTracker/app/mailers/password_reset_mailer.rb": {
        "lines": [
          null,
          null,
          1,
          1,
          1,
          null,
          1,
          null,
          null
        ]
      },
      "/home/alexandr/FitTracker/app/models/crossfit.rb": {
        "lines": [
          null,
          null,
          1,
          1,
          null,
          1,
          1,
          1,
          1,
          1,
          1,
          1,
          1,
          1,
          1,
          1,
          1,
          1,
          1,
          1,
          1,
          1,
          1,
          1,
          1,
          null
        ]
      },
      "/home/alexandr/FitTracker/app/models/application_record.rb": {
        "lines": [
          null,
          null,
          1,
          1,
          null
        ]
      },
      "/home/alexandr/FitTracker/app/models/gain.rb": {
        "lines": [
          null,
          null,
          1,
          1,
          1,
          1,
          null,
          1,
          null,
          1,
          null,
          null,
          1,
          1,
          1,
          1,
          1,
          1,
          1,
          null,
          null,
          null,
          119,
          119,
          119,
          119,
          119,
          119,
          119,
          null,
          null,
          null,
          119,
          119,
          119,
          119,
          119,
          119,
          119,
          119,
          null,
          null,
          null,
          119,
          119,
          119,
          119,
          119,
          119,
          119,
          null,
          null,
          null,
          119,
          119,
          119,
          119,
          119,
          119,
          1,
          118,
          null,
          119,
          119,
          119,
          119,
          null,
          null,
          null,
          119,
          119,
          119,
          null
        ]
      },
      "/home/alexandr/FitTracker/app/models/power.rb": {
        "lines": [
          null,
          null,
          1,
          1,
          null,
          1,
          1,
          1,
          1,
          1,
          1,
          1,
          1,
          1,
          1,
          1,
          1,
          1,
          1,
          1,
          1,
          1,
          1,
          1,
          1,
          1,
          1,
          null
        ]
      },
      "/home/alexandr/FitTracker/app/models/user.rb": {
        "lines": [
          null,
          null,
          1,
          1,
          1,
          null,
          1,
          null,
          1,
          null,
          1,
          1,
          1,
          null,
          1,
          null,
          1,
          10,
          1,
          null,
          null,
          1,
          1,
          1,
          null,
          1,
          1,
          1,
          1,
          null,
          1,
          1,
          null,
          null,
          1,
          null,
          1,
          0,
          null,
          0,
          null,
          0,
          null,
          0,
          null,
          null,
          1,
          5,
          null,
          2,
          null,
          null,
          1,
          null,
          293,
          null,
          140,
          null,
          140,
          null,
          null,
          1,
          293,
          null,
          null
        ]
      },
      "/home/alexandr/FitTracker/app/models/concerns/recoverable.rb": {
        "lines": [
          null,
          null,
          1,
          1,
          null,
          1,
          1,
          null,
          1,
          0,
          null,
          null,
          null,
          1,
          3,
          3,
          null,
          null,
          1,
          0,
          null,
          null,
          null
        ]
      },
      "/home/alexandr/FitTracker/app/models/concerns/rememberable.rb": {
        "lines": [
          null,
          null,
          1,
          1,
          null,
          1,
          1,
          null,
          1,
          0,
          null,
          0,
          null,
          null,
          null,
          1,
          null,
          3,
          null,
          3,
          null,
          null,
          1,
          0,
          null,
          0,
          null,
          null,
          null
        ]
      },
      "/home/alexandr/FitTracker/app/services/guest_user.rb": {
        "lines": [
          null,
          null,
          1,
          1,
          9,
          null,
          null,
          1,
          3,
          null,
          0,
          null,
          null,
          1,
          0,
          null,
          0,
          null,
          null
        ]
      },
      "/home/alexandr/FitTracker/app/services/user_bulk_export_service.rb": {
        "lines": [
          null,
          null,
          1,
          1,
          3,
          null,
          3,
          3,
          null,
          null,
          1,
          null,
          1,
          3,
          null,
          3,
          3,
          1,
          1,
          null,
          null,
          null,
          null,
          null,
          null
        ]
      },
      "/home/alexandr/FitTracker/app/services/application_service.rb": {
        "lines": [
          null,
          null,
          1,
          1,
          1,
          null,
          null
        ]
      },
      "/home/alexandr/FitTracker/app/decorators/user_decorator.rb": {
        "lines": [
          null,
          null,
          1,
          1,
          null,
          1,
          8,
          null,
          0,
          null,
          null
        ]
      },
      "/home/alexandr/FitTracker/app/decorators/application_decorator.rb": {
        "lines": [
          null,
          null,
          1,
          null,
          null,
          null,
          null,
          null,
          null,
          null
        ]
      },
      "/home/alexandr/FitTracker/app/policies/user_policy.rb": {
        "lines": [
          null,
          null,
          1,
          1,
          8,
          null,
          null,
          1,
          0,
          null,
          null,
          1,
          0,
          null,
          null,
          1,
          0,
          null,
          null,
          1,
          0,
          null,
          null
        ]
      },
      "/home/alexandr/FitTracker/app/policies/application_policy.rb": {
        "lines": [
          null,
          null,
          1,
          1,
          null,
          1,
          8,
          8,
          null,
          null,
          1,
          0,
          null,
          null,
          1,
          0,
          null,
          null,
          1,
          0,
          null,
          null,
          1,
          2,
          null,
          null,
          1,
          0,
          null,
          null,
          1,
          0,
          null,
          null,
          1,
          0,
          null,
          null,
          1,
          1,
          0,
          0,
          null,
          null,
          1,
          0,
          null,
          null,
          1,
          null,
          1,
          null,
          null
        ]
      },
      "/home/alexandr/FitTracker/app/services/user_bulk_import_service.rb": {
        "lines": [
          null,
          null,
          1,
          1,
          null,
          null,
          1,
          0,
          0,
          null,
          null,
          null,
          1,
          0,
          0,
          0,
          0,
          null,
          null,
          null,
          0,
          null,
          null,
          1,
          null,
          1,
          0,
          null,
          0,
          0,
          0,
          null,
          0,
          0,
          null,
          0,
          null,
          null,
          0,
          null,
          null,
          1,
          0,
          0,
          0,
          0,
          null,
          null,
          1,
          0,
          0,
          0,
          0,
          null,
          null,
          null,
          null,
          null,
          null,
          null,
          null,
          null,
          null
        ]
      },
      "/home/alexandr/FitTracker/app/channels/application_cable/channel.rb": {
        "lines": [
          null,
          null,
          0,
          0,
          0,
          0
        ],
        "branches": {
        }
      },
      "/home/alexandr/FitTracker/app/channels/application_cable/connection.rb": {
        "lines": [
          null,
          null,
          0,
          0,
          0,
          0
        ],
        "branches": {
        }
      },
      "/home/alexandr/FitTracker/app/controllers/pages_controller.rb": {
        "lines": [
          null,
          null,
          0,
          0,
          0
        ],
        "branches": {
        }
      },
      "/home/alexandr/FitTracker/app/controllers/password_resets_controller.rb": {
        "lines": [
          null,
          null,
          0,
          0,
          0,
          0,
          null,
          0,
          null,
          0,
          0,
          null,
          0,
          0,
          null,
          0,
          0,
          null,
          0,
          0,
          0,
          null,
          0,
          0,
          0,
          0,
          0,
          0,
          0,
          0,
          null,
          0,
          null,
          0,
          0,
          0,
          null,
          0,
          0,
          0,
          null,
          0,
          0,
          0,
          null,
          0,
          0,
          0
        ],
        "branches": {
        }
      },
      "/home/alexandr/FitTracker/app/policies/admin/user_policy.rb": {
        "lines": [
          null,
          null,
          0,
          0,
          0,
          0,
          0,
          null,
          0,
          0,
          0,
          null,
          0,
          0,
          0,
          null,
          0,
          0,
          0,
          null,
          0,
          0,
          0,
          0,
          0
        ],
        "branches": {
        }
      }
    },
    "timestamp": 1697111443
  }
}
